#
# There is insufficient memory for the Java Runtime Environment to continue.
# Native memory allocation (malloc) failed to allocate 1048576 bytes for AllocateHeap
# Possible reasons:
#   The system is out of physical RAM or swap space
#   The process is running with CompressedOops enabled, and the Java Heap may be blocking the growth of the native heap
# Possible solutions:
#   Reduce memory load on the system
#   Increase physical memory or swap space
#   Check if swap backing store is full
#   Decrease Java heap size (-Xmx/-Xms)
#   Decrease number of Java threads
#   Decrease Java thread stack sizes (-Xss)
#   Set larger code cache with -XX:ReservedCodeCacheSize=
#   JVM is running with Unscaled Compressed Oops mode in which the Java heap is
#     placed in the first 4GB address space. The Java Heap base address is the
#     maximum limit for the native heap growth. Please use -XX:HeapBaseMinAddress
#     to set the Java Heap base and to place the Java Heap above 4GB virtual address.
# This output file may be truncated or incomplete.
#
#  Out of Memory Error (memory/allocation.inline.hpp:61), pid=3180, tid=0x0000000000004dcc
#
# JRE version:  (8.0_332-b09) (build )
# Java VM: OpenJDK 64-Bit Server VM (25.332-b09 mixed mode windows-amd64 compressed oops)
# Failed to write core dump. Minidumps are not enabled by default on client versions of Windows
#

---------------  T H R E A D  ---------------

Current thread (0x00000276f83f1800):  JavaThread "Unknown thread" [_thread_in_vm, id=19916, stack(0x000000f0dea00000,0x000000f0deb00000)]

Stack: [0x000000f0dea00000,0x000000f0deb00000]
[error occurred during error reporting (printing stack bounds), id 0xc0000005]

Native frames: (J=compiled Java code, j=interpreted, Vv=VM code, C=native code)


---------------  P R O C E S S  ---------------

Java Threads: ( => current thread )

Other Threads:

=>0x00000276f83f1800 (exited) JavaThread "Unknown thread" [_thread_in_vm, id=19916, stack(0x000000f0dea00000,0x000000f0deb00000)]

VM state:not at safepoint (normal execution)

VM Mutex/Monitor currently owned by a thread: None

heap address: 0x0000000082400000, size: 2012 MB, Compressed Oops mode: 32-bit
Narrow klass base: 0x0000000000000000, Narrow klass shift: 3
Compressed class space size: 1073741824 Address: 0x0000000100000000

Heap:
 PSYoungGen      total 37888K, used 655K [0x00000000d6180000, 0x00000000d8b80000, 0x0000000100000000)
  eden space 32768K, 2% used [0x00000000d6180000,0x00000000d6223d80,0x00000000d8180000)
  from space 5120K, 0% used [0x00000000d8680000,0x00000000d8680000,0x00000000d8b80000)
  to   space 5120K, 0% used [0x00000000d8180000,0x00000000d8180000,0x00000000d8680000)
 ParOldGen       total 86016K, used 0K [0x0000000082400000, 0x0000000087800000, 0x00000000d6180000)
  object space 86016K, 0% used [0x0000000082400000,0x0000000082400000,0x0000000087800000)
 Metaspace       used 782K, capacity 4480K, committed 4480K, reserved 1056768K
  class space    used 76K, capacity 384K, committed 384K, reserved 1048576K

Card table byte_map: [0x00000276fa1c0000,0x00000276fa5b0000] byte_map_base: 0x00000276f9dae000

Marking Bits: (ParMarkBitMap*) 0x0000000071f62850
 Begin Bits: [0x00000276fa850000, 0x00000276fc7c0000)
 End Bits:   [0x00000276fc7c0000, 0x00000276fe730000)

Polling page: 0x00000276f84d0000

CodeCache: size=245760Kb used=328Kb max_used=328Kb free=245431Kb
 bounds [0x0000027680000000, 0x0000027680270000, 0x000002768f000000]
 total_blobs=57 nmethods=0 adapters=38
 compilation: enabled

Compilation events (0 events):
No events

GC Heap History (0 events):
No events

Deoptimization events (0 events):
No events

Classes redefined (0 events):
No events

Internal exceptions (0 events):
No events

Events (10 events):
Event: 0.488 loading class java/lang/Short
Event: 0.489 loading class java/lang/Short done
Event: 0.489 loading class java/lang/Integer
Event: 0.489 loading class java/lang/Integer done
Event: 0.489 loading class java/lang/Long
Event: 0.489 loading class java/lang/Long done
Event: 0.491 loading class java/lang/NullPointerException
Event: 0.491 loading class java/lang/NullPointerException done
Event: 0.491 loading class java/lang/ArithmeticException
Event: 0.491 loading class java/lang/ArithmeticException done


Dynamic libraries:
0x00007ff742090000 - 0x00007ff7420ca000 	C:\Users\kavee\.jdks\temurin-1.8.0_332\bin\java.exe
0x00007fffd1720000 - 0x00007fffd1929000 	C:\WINDOWS\SYSTEM32\ntdll.dll
0x00007fffd1190000 - 0x00007fffd124d000 	C:\WINDOWS\System32\KERNEL32.DLL
0x00007fffcef60000 - 0x00007fffcf2d9000 	C:\WINDOWS\System32\KERNELBASE.dll
0x00007fffcf610000 - 0x00007fffcf6be000 	C:\WINDOWS\System32\ADVAPI32.dll
0x00007fffd1340000 - 0x00007fffd13e3000 	C:\WINDOWS\System32\msvcrt.dll
0x00007fffd0d10000 - 0x00007fffd0dae000 	C:\WINDOWS\System32\sechost.dll
0x00007fffd1430000 - 0x00007fffd1550000 	C:\WINDOWS\System32\RPCRT4.dll
0x00007fffd06b0000 - 0x00007fffd085c000 	C:\WINDOWS\System32\USER32.dll
0x00007fffced00000 - 0x00007fffced26000 	C:\WINDOWS\System32\win32u.dll
0x00007fffcfa50000 - 0x00007fffcfa79000 	C:\WINDOWS\System32\GDI32.dll
0x00007fffcebe0000 - 0x00007fffcecf2000 	C:\WINDOWS\System32\gdi32full.dll
0x00007fffceda0000 - 0x00007fffcee3d000 	C:\WINDOWS\System32\msvcp_win.dll
0x00007fffcee40000 - 0x00007fffcef51000 	C:\WINDOWS\System32\ucrtbase.dll
0x00007fffcde00000 - 0x00007fffce0a5000 	C:\WINDOWS\WinSxS\amd64_microsoft.windows.common-controls_6595b64144ccf1df_6.0.22000.120_none_9d947278b86cc467\COMCTL32.dll
0x00007fffd13f0000 - 0x00007fffd1421000 	C:\WINDOWS\System32\IMM32.DLL
0x00007fffa1470000 - 0x00007fffa155f000 	C:\Users\kavee\.jdks\temurin-1.8.0_332\jre\bin\msvcr120.dll
0x00007fff99f70000 - 0x00007fff9a016000 	C:\Users\kavee\.jdks\temurin-1.8.0_332\jre\bin\msvcp120.dll
0x0000000071770000 - 0x0000000071fe1000 	C:\Users\kavee\.jdks\temurin-1.8.0_332\jre\bin\server\jvm.dll
0x00007fffd0920000 - 0x00007fffd0928000 	C:\WINDOWS\System32\PSAPI.DLL
0x00007fffc8370000 - 0x00007fffc83a3000 	C:\WINDOWS\SYSTEM32\WINMM.dll
0x00007fffb9140000 - 0x00007fffb9149000 	C:\WINDOWS\SYSTEM32\WSOCK32.dll
0x00007fffc5800000 - 0x00007fffc580a000 	C:\WINDOWS\SYSTEM32\VERSION.dll
0x00007fffd1550000 - 0x00007fffd15bf000 	C:\WINDOWS\System32\WS2_32.dll
0x00007fffce490000 - 0x00007fffce49f000 	C:\Users\kavee\.jdks\temurin-1.8.0_332\jre\bin\verify.dll
0x00007fffba9d0000 - 0x00007fffba9f9000 	C:\Users\kavee\.jdks\temurin-1.8.0_332\jre\bin\java.dll
0x00007fffba9a0000 - 0x00007fffba9ca000 	C:\Users\kavee\.jdks\temurin-1.8.0_332\jre\bin\instrument.dll
0x00007fffca790000 - 0x00007fffca7a6000 	C:\Users\kavee\.jdks\temurin-1.8.0_332\jre\bin\zip.dll

VM Arguments:
jvm_args: -javaagent:C:\Program Files\JetBrains\IntelliJ IDEA Community Edition 2021.3.2\lib\idea_rt.jar=61375:C:\Program Files\JetBrains\IntelliJ IDEA Community Edition 2021.3.2\bin -Dfile.encoding=UTF-8 
java_command: com.cropdeal.ZullGatewayApplication
java_class_path (initial): C:\Users\kavee\.jdks\temurin-1.8.0_332\jre\lib\charsets.jar;C:\Users\kavee\.jdks\temurin-1.8.0_332\jre\lib\ext\access-bridge-64.jar;C:\Users\kavee\.jdks\temurin-1.8.0_332\jre\lib\ext\cldrdata.jar;C:\Users\kavee\.jdks\temurin-1.8.0_332\jre\lib\ext\dnsns.jar;C:\Users\kavee\.jdks\temurin-1.8.0_332\jre\lib\ext\jaccess.jar;C:\Users\kavee\.jdks\temurin-1.8.0_332\jre\lib\ext\localedata.jar;C:\Users\kavee\.jdks\temurin-1.8.0_332\jre\lib\ext\nashorn.jar;C:\Users\kavee\.jdks\temurin-1.8.0_332\jre\lib\ext\sunec.jar;C:\Users\kavee\.jdks\temurin-1.8.0_332\jre\lib\ext\sunjce_provider.jar;C:\Users\kavee\.jdks\temurin-1.8.0_332\jre\lib\ext\sunmscapi.jar;C:\Users\kavee\.jdks\temurin-1.8.0_332\jre\lib\ext\sunpkcs11.jar;C:\Users\kavee\.jdks\temurin-1.8.0_332\jre\lib\ext\zipfs.jar;C:\Users\kavee\.jdks\temurin-1.8.0_332\jre\lib\jce.jar;C:\Users\kavee\.jdks\temurin-1.8.0_332\jre\lib\jfr.jar;C:\Users\kavee\.jdks\temurin-1.8.0_332\jre\lib\jsse.jar;C:\Users\kavee\.jdks\temurin-1.8.0_332\jre\lib\management-agent.jar;C:\Users\kavee\.jdks\temurin-1.8.0_332\jre\lib\resources.jar;C:\Users\kavee\.jdks\temurin-1.8.0_332\jre\lib\rt.jar;C:\Users\kavee\Downloads\2.Api-Gateway\2.Api-Gateway\target\classes;C:\Users\kavee\.m2\repository\org\springframework\boot\spring-boot-starter-web\2.3.4.RELEASE\spring-boot-starter-web-2.3.4.RELEASE.jar;C:\Users\kavee\.m2\repository\org\springframework\boot\spring-boot-starter\2.3.4.RELEASE\spring-boot-starter-2.3.4.RELEASE.jar;C:\Users\kavee\.m2\repository\org\springframework\boot\spring-boot\2.3.4.RELEASE\spring-boot-2.3.4.RELEASE.jar;C:\Users\kavee\.m2\repository\org\springframework\boot\spring-boot-autoconfigure\2.3.4.RELEASE\spring-boot-autoconfigure-2.3.4.RELEASE.jar;C:\Users\kavee\.m2\repository\org\springframework\boot\spring-boot-starter-logging\2.3.4.RELEASE\spring-boot-starter-logging-2.3.4.RELEASE.jar;C:\Users\kavee\.m2\repository\ch\qos\logback\logback-classic\1.2.3\logback-classic-1.2.3.jar;C:\Users\kavee\.m2\repository\ch\q
Launcher Type: SUN_STANDARD

Environment Variables:
JAVA_HOME=C:\Program Files\Java\jdk-17.0.2
PATH=C:\Program Files\Common Files\Oracle\Java\javapath;C:\Windows\system32;C:\Windows;C:\Windows\System32\Wbem;C:\Windows\System32\WindowsPowerShell\v1.0\;C:\Windows\System32\OpenSSH\;C:\Program Files (x86)\NVIDIA Corporation\PhysX\Common;C:\WINDOWS\system32;C:\WINDOWS;C:\WINDOWS\System32\Wbem;C:\WINDOWS\System32\WindowsPowerShell\v1.0\;C:\WINDOWS\System32\OpenSSH\;C:\Program Files (x86)\Microsoft SQL Server\100\Tools\Binn\;C:\Program Files\Microsoft SQL Server\100\Tools\Binn\;C:\Program Files\Microsoft SQL Server\100\DTS\Binn\;C:\Program Files\MongoDB\Server\5.0\bin;C:\Program Files\Java\jdk-17.0.2\bin;C:\Program Files\nodejs\;C:\Program Files\Git\cmd;C:\Users\kavee\AppData\Local\Microsoft\WindowsApps;C:\Users\kavee\anoconda3;C:\Users\kavee\anoconda\scripts;C:\Program Files\MongoDB\Server\5.0\bin;;C:\Users\kavee\AppData\Local\Programs\Microsoft VS Code\bin;C:\Users\kavee\AppData\Roaming\npm
USERNAME=kavee
OS=Windows_NT
PROCESSOR_IDENTIFIER=Intel64 Family 6 Model 142 Stepping 12, GenuineIntel



---------------  S Y S T E M  ---------------

OS: Windows 10.0 , 64 bit Build 22000 (10.0.22000.613)

CPU:total 8 (initial active 8) (4 cores per cpu, 2 threads per core) family 6 model 142 stepping 12, cmov, cx8, fxsr, mmx, sse, sse2, sse3, ssse3, sse4.1, sse4.2, popcnt, avx, avx2, aes, clmul, erms, 3dnowpref, lzcnt, ht, tsc, tscinvbit, bmi1, bmi2, adx

Memory: 4k page, physical 8236040k(1121520k free), swap 16100360k(3332k free)

vm_info: OpenJDK 64-Bit Server VM (25.332-b09) for windows-amd64 JRE (1.8.0_332-b09), built on Apr 23 2022 01:25:28 by "jenkins" with MS VC++ 12.0 (VS2013)

time: Tue May 31 11:13:07 2022
timezone: India Standard Time
elapsed time: 1.850789 seconds (0d 0h 0m 1s)

